2019-02-20 18:53:18,549 [DEBUG] resources:
Req: f{req}
Resp: f{resp}
Resource: f{resource}
Params: f{params}
2019-02-20 18:54:01,426 [DEBUG] resources:
Req: f{req}
Resp: f{resp}
Resource: f{resource}
Params: f{params}
2019-02-20 18:55:27,505 [INFO] resources:
Start task by params:
method, engine, market, fromdate, todate
2019-02-20 19:42:53,447 [INFO] resources:
Start task by params:
method
2019-02-20 19:45:25,438 [INFO] resources:
Start task by params:
method
2019-02-20 19:46:22,985 [INFO] resources:
Start task by params:
method
2019-02-20 19:47:54,820 [INFO] resources:
Start task by params:
method
2019-03-03 17:26:35,884 [INFO] resources:
Start task by params:
method
2019-03-03 17:29:01,654 [INFO] resources:
Start task by params:
method
2019-03-03 17:30:41,050 [INFO] resources:
Start task by params:
method
2019-03-03 17:31:23,751 [INFO] resources:
Start task by params:
method
2019-03-03 17:31:42,145 [INFO] resources:
Start task by params:
method
2019-03-03 17:40:31,871 [INFO] resources:
Start task by params:
method
2019-03-03 17:40:51,633 [INFO] resources:
Start task by params:
method
2019-03-03 17:41:57,781 [INFO] resources:
Start task by params:
method
2019-03-03 17:41:58,883 [INFO] resources:
Start task by params:
method
2019-03-03 17:42:34,802 [INFO] resources:
Start task by params:
method
2019-03-03 17:43:09,735 [INFO] resources:
Start task by params:
method
2019-03-03 17:45:48,246 [INFO] resources:
Start task by params:
method
2019-03-03 17:48:40,338 [INFO] resources:
Start task by params:
method, fromdate, todate, engine, market
2019-03-03 17:57:39,404 [INFO] resources:
Start task by params:
method, fromdate, todate, engine, market
